# Logfile created on Sun Sep 11 20:28:13 +0200 2011 by logger.rb/22285
I, [2011-09-11T20:28:13.890033 #4353]  INFO -- : ---- SCRUTINIZE BEGIN ----
I, [2011-09-11T20:28:13.908240 #4353]  INFO -- : TA#0 Visiting http://w10.bcn.cat/APPS/gefconcursosWeb/anuncisList.do?idioma=ca
I, [2011-09-11T20:28:13.915723 #4353]  INFO -- : TA#3 Visiting http://w10.bcn.cat/APPS/gefconcursosWeb/adjudicacionsList.do?idioma=ca
I, [2011-09-11T20:28:13.911018 #4353]  INFO -- : TA#2 Visiting http://w10.bcn.cat/APPS/gefconcursosWeb/adjudicacionsProvList.do?idioma=ca
I, [2011-09-11T20:28:13.909786 #4353]  INFO -- : TA#1 Visiting http://w10.bcn.cat/APPS/gefconcursosWeb/concursosList.do?idioma=ca
I, [2011-09-11T20:28:13.942764 #4353]  INFO -- : TA#4 Visiting http://w10.bcn.cat/APPS/gefconcursosWeb/formalitzacionsList.do?idioma=ca
I, [2011-09-11T20:28:14.413098 #4353]  INFO -- : TA#0 Received Page OK
I, [2011-09-11T20:28:14.479340 #4353]  INFO -- : Parsing with LIST_PARSER
I, [2011-09-11T20:28:14.538982 #4353]  INFO -- : TA#2 Received Page OK
I, [2011-09-11T20:28:14.546025 #4353]  INFO -- : Parsing with LIST_PARSER
I, [2011-09-11T20:28:14.553556 #4353]  INFO -- : TA#4 Received Page OK
I, [2011-09-11T20:28:14.554558 #4353]  INFO -- : Parsing with LIST_PARSER
I, [2011-09-11T20:28:14.589061 #4353]  INFO -- : TA#5 Visiting http://w10.bcn.cat/APPS/gefconcursosWeb/formalitzacionsList.do?idioma=ca&tipus=O&visualitzacio=BI&valorPaginacio=26
I, [2011-09-11T20:28:14.593593 #4353]  INFO -- : TA#8 Visiting http://w10.bcn.cat/APPS/gefconcursosWeb/anuncisDetall.do?empresa=2&sector=002&contracte=A2011/0000561&visualitzacio=BI&idioma=ca&tipus=O
I, [2011-09-11T20:28:14.591126 #4353]  INFO -- : TA#7 Visiting http://w10.bcn.cat/APPS/gefconcursosWeb/anuncisDetall.do?empresa=2&sector=002&contracte=A2011/0000541&visualitzacio=BI&idioma=ca&tipus=O
I, [2011-09-11T20:28:14.590239 #4353]  INFO -- : TA#6 Visiting http://w10.bcn.cat/APPS/gefconcursosWeb/anuncisDetall.do?empresa=2&sector=002&contracte=A2011/0000521&visualitzacio=BI&idioma=ca&tipus=O
I, [2011-09-11T20:28:14.719515 #4353]  INFO -- : TA#1 Received Page OK
I, [2011-09-11T20:28:14.610799 #4353]  INFO -- : TA#10 Visiting http://w10.bcn.cat/APPS/gefconcursosWeb/adjudicacionsProvDetall.do?empresa=1&sector=0301&contracte=20090725&visualitzacio=BI&idioma=ca&tipus=O
I, [2011-09-11T20:28:14.622760 #4353]  INFO -- : TA#11 Visiting http://w10.bcn.cat/APPS/gefconcursosWeb/formalitzacionsDetall.do?empresa=1&sector=0201&contracte=11002739&visualitzacio=BI&idioma=ca&tipus=O
I, [2011-09-11T20:28:14.651043 #4353]  INFO -- : TA#0 Visiting http://w10.bcn.cat/APPS/gefconcursosWeb/formalitzacionsDetall.do?empresa=1&sector=0201&contracte=11001755&visualitzacio=BI&idioma=ca&tipus=O
I, [2011-09-11T20:28:14.665612 #4353]  INFO -- : TA#2 Visiting http://w10.bcn.cat/APPS/gefconcursosWeb/formalitzacionsDetall.do?empresa=14&sector=014&contracte=CONT/2011/141&visualitzacio=BI&idioma=ca&tipus=O
I, [2011-09-11T20:28:14.705125 #4353]  INFO -- : TA#4 Visiting http://w10.bcn.cat/APPS/gefconcursosWeb/formalitzacionsDetall.do?empresa=14&sector=014&contracte=CONT/2011/85&visualitzacio=BI&idioma=ca&tipus=O
I, [2011-09-11T20:28:14.600823 #4353]  INFO -- : TA#9 Visiting http://w10.bcn.cat/APPS/gefconcursosWeb/anuncisDetall.do?empresa=2&sector=002&contracte=A2011/0000581&visualitzacio=BI&idioma=ca&tipus=O
I, [2011-09-11T20:28:14.808603 #4353]  INFO -- : Parsing with LIST_PARSER
I, [2011-09-11T20:28:15.273826 #4353]  INFO -- : TA#5 Received Page OK
I, [2011-09-11T20:28:15.326109 #4353]  INFO -- : Parsing with LIST_PARSER
I, [2011-09-11T20:28:15.362147 #4353]  INFO -- : TA#7 Received Page OK
I, [2011-09-11T20:28:15.363306 #4353]  INFO -- : Parsing with DETAIL_PARSER
I, [2011-09-11T20:28:15.371943 #4353]  INFO -- : TA#9 Received Page OK
I, [2011-09-11T20:28:15.376082 #4353]  INFO -- : Parsing with DETAIL_PARSER
I, [2011-09-11T20:28:15.392433 #4353]  INFO -- : TA#11 Received Page OK
I, [2011-09-11T20:28:15.393214 #4353]  INFO -- : Parsing with DETAIL_PARSER
I, [2011-09-11T20:28:15.404945 #4353]  INFO -- : TA#2 Received Page OK
I, [2011-09-11T20:28:15.406061 #4353]  INFO -- : Parsing with DETAIL_PARSER
I, [2011-09-11T20:28:15.416000 #4353]  INFO -- : TA#5 Visiting http://w10.bcn.cat/APPS/gefconcursosWeb/formalitzacionsDetall.do?empresa=14&sector=014&contracte=CONT/2011/269&visualitzacio=BI&idioma=ca&tipus=O
I, [2011-09-11T20:28:15.419483 #4353]  INFO -- : TA#11 Visiting http://w10.bcn.cat/APPS/gefconcursosWeb/formalitzacionsDetall.do?empresa=1&sector=0604&contracte=11001929&visualitzacio=BI&idioma=ca&tipus=O
I, [2011-09-11T20:28:15.417595 #4353]  INFO -- : TA#9 Visiting http://w10.bcn.cat/APPS/gefconcursosWeb/formalitzacionsDetall.do?empresa=27&sector=027&contracte=2011-0097&visualitzacio=BI&idioma=ca&tipus=O
I, [2011-09-11T20:28:15.416892 #4353]  INFO -- : TA#7 Visiting http://w10.bcn.cat/APPS/gefconcursosWeb/formalitzacionsList.do?idioma=ca&tipus=O&visualitzacio=BI&valorPaginacio=51
I, [2011-09-11T20:28:15.426500 #4353]  INFO -- : TA#1 Visiting http://w10.bcn.cat/APPS/gefconcursosWeb/formalitzacionsDetall.do?empresa=1&sector=0605&contracte=11001423&visualitzacio=BI&idioma=ca&tipus=O
I, [2011-09-11T20:28:15.440255 #4353]  INFO -- : TA#2 Visiting http://w10.bcn.cat/APPS/gefconcursosWeb/formalitzacionsDetall.do?empresa=1&sector=0605&contracte=11001707&visualitzacio=BI&idioma=ca&tipus=O
I, [2011-09-11T20:28:15.448298 #4353]  INFO -- : TA#3 Received Page OK
I, [2011-09-11T20:28:15.800225 #4353]  INFO -- : Parsing with LIST_PARSER
I, [2011-09-11T20:28:15.859595 #4353]  INFO -- : TA#8 Received Page OK
I, [2011-09-11T20:28:15.866103 #4353]  INFO -- : Parsing with DETAIL_PARSER
I, [2011-09-11T20:28:15.871664 #4353]  INFO -- : TA#0 Received Page OK
I, [2011-09-11T20:28:15.872399 #4353]  INFO -- : Parsing with DETAIL_PARSER
I, [2011-09-11T20:28:15.892957 #4353]  INFO -- : TA#5 Received Page OK
I, [2011-09-11T20:28:15.894307 #4353]  INFO -- : Parsing with DETAIL_PARSER
I, [2011-09-11T20:28:15.907280 #4353]  INFO -- : TA#9 Received Page OK
I, [2011-09-11T20:28:15.908506 #4353]  INFO -- : Parsing with DETAIL_PARSER
I, [2011-09-11T20:28:15.921971 #4353]  INFO -- : TA#1 Received Page OK
I, [2011-09-11T20:28:15.923233 #4353]  INFO -- : Parsing with DETAIL_PARSER
I, [2011-09-11T20:28:15.941174 #4353]  INFO -- : TA#3 Visiting http://w10.bcn.cat/APPS/gefconcursosWeb/formalitzacionsDetall.do?empresa=1&sector=0605&contracte=11001948&visualitzacio=BI&idioma=ca&tipus=O
I, [2011-09-11T20:28:15.944192 #4353]  INFO -- : TA#9 Visiting http://w10.bcn.cat/APPS/gefconcursosWeb/formalitzacionsDetall.do?empresa=1&sector=0606&contracte=11002536&visualitzacio=BI&idioma=ca&tipus=O
I, [2011-09-11T20:28:15.942522 #4353]  INFO -- : TA#8 Visiting http://w10.bcn.cat/APPS/gefconcursosWeb/formalitzacionsDetall.do?empresa=1&sector=0606&contracte=11C00020&visualitzacio=BI&idioma=ca&tipus=O
I, [2011-09-11T20:28:15.942047 #4353]  INFO -- : TA#5 Visiting http://w10.bcn.cat/APPS/gefconcursosWeb/adjudicacionsList.do?idioma=ca&tipus=O&visualitzacio=BI&valorPaginacio=26
I, [2011-09-11T20:28:15.955778 #4353]  INFO -- : TA#0 Visiting http://w10.bcn.cat/APPS/gefconcursosWeb/formalitzacionsDetall.do?empresa=1&sector=0606&contracte=11002644&visualitzacio=BI&idioma=ca&tipus=O
I, [2011-09-11T20:28:15.973771 #4353]  INFO -- : TA#1 Visiting http://w10.bcn.cat/APPS/gefconcursosWeb/formalitzacionsDetall.do?empresa=1&sector=0606&contracte=11002645&visualitzacio=BI&idioma=ca&tipus=O
I, [2011-09-11T20:28:15.983329 #4353]  INFO -- : TA#6 Received Page OK
I, [2011-09-11T20:28:16.265246 #4353]  INFO -- : Parsing with DETAIL_PARSER
I, [2011-09-11T20:28:16.301999 #4353]  INFO -- : TA#4 Received Page OK
I, [2011-09-11T20:28:16.306171 #4353]  INFO -- : Parsing with DETAIL_PARSER
I, [2011-09-11T20:28:16.315064 #4353]  INFO -- : TA#11 Received Page OK
I, [2011-09-11T20:28:16.316799 #4353]  INFO -- : Parsing with DETAIL_PARSER
I, [2011-09-11T20:28:16.334289 #4353]  INFO -- : TA#3 Received Page OK
I, [2011-09-11T20:28:16.340271 #4353]  INFO -- : Parsing with DETAIL_PARSER
I, [2011-09-11T20:28:16.353876 #4353]  INFO -- : TA#8 Received Page OK
I, [2011-09-11T20:28:16.355178 #4353]  INFO -- : Parsing with DETAIL_PARSER
I, [2011-09-11T20:28:16.426649 #4353]  INFO -- : TA#0 Received Page OK
I, [2011-09-11T20:28:16.443260 #4353]  INFO -- : Parsing with DETAIL_PARSER
I, [2011-09-11T20:28:16.468663 #4353]  INFO -- : TA#3 Visiting http://w10.bcn.cat/APPS/gefconcursosWeb/formalitzacionsDetall.do?empresa=1&sector=0606&contracte=11002651&visualitzacio=BI&idioma=ca&tipus=O
I, [2011-09-11T20:28:16.471950 #4353]  INFO -- : TA#8 Visiting http://w10.bcn.cat/APPS/gefconcursosWeb/formalitzacionsDetall.do?empresa=1&sector=0607&contracte=10C00019&visualitzacio=BI&idioma=ca&tipus=O
I, [2011-09-11T20:28:16.469969 #4353]  INFO -- : TA#6 Visiting http://w10.bcn.cat/APPS/gefconcursosWeb/formalitzacionsDetall.do?empresa=1&sector=0607&contracte=10C00011&visualitzacio=BI&idioma=ca&tipus=O
I, [2011-09-11T20:28:16.469490 #4353]  INFO -- : TA#4 Visiting http://w10.bcn.cat/APPS/gefconcursosWeb/formalitzacionsDetall.do?empresa=1&sector=0606&contracte=11002534&visualitzacio=BI&idioma=ca&tipus=O
I, [2011-09-11T20:28:16.484929 #4353]  INFO -- : TA#11 Visiting http://w10.bcn.cat/APPS/gefconcursosWeb/formalitzacionsDetall.do?empresa=1&sector=0607&contracte=11001065&visualitzacio=BI&idioma=ca&tipus=O
I, [2011-09-11T20:28:16.494153 #4353]  INFO -- : TA#0 Visiting http://w10.bcn.cat/APPS/gefconcursosWeb/formalitzacionsDetall.do?empresa=1&sector=0607&contracte=11001342&visualitzacio=BI&idioma=ca&tipus=O
I, [2011-09-11T20:28:16.503923 #4353]  INFO -- : TA#10 Received Page OK
I, [2011-09-11T20:28:16.805673 #4353]  INFO -- : Parsing with DETAIL_PARSER
I, [2011-09-11T20:28:16.884291 #4353]  INFO -- : TA#2 Received Page OK
I, [2011-09-11T20:28:16.891106 #4353]  INFO -- : Parsing with DETAIL_PARSER
I, [2011-09-11T20:28:16.901376 #4353]  INFO -- : TA#9 Received Page OK
I, [2011-09-11T20:28:16.902391 #4353]  INFO -- : Parsing with DETAIL_PARSER
I, [2011-09-11T20:28:16.914275 #4353]  INFO -- : TA#3 Received Page OK
I, [2011-09-11T20:28:16.921912 #4353]  INFO -- : Parsing with DETAIL_PARSER
I, [2011-09-11T20:28:16.939173 #4353]  INFO -- : TA#6 Received Page OK
I, [2011-09-11T20:28:16.950370 #4353]  INFO -- : Parsing with DETAIL_PARSER
I, [2011-09-11T20:28:16.965545 #4353]  INFO -- : TA#11 Received Page OK
I, [2011-09-11T20:28:16.966871 #4353]  INFO -- : Parsing with DETAIL_PARSER
I, [2011-09-11T20:28:16.987703 #4353]  INFO -- : TA#2 Visiting http://w10.bcn.cat/APPS/gefconcursosWeb/formalitzacionsDetall.do?empresa=1&sector=0801&contracte=11002274&visualitzacio=BI&idioma=ca&tipus=O
I, [2011-09-11T20:28:16.990498 #4353]  INFO -- : TA#9 Visiting http://w10.bcn.cat/APPS/gefconcursosWeb/formalitzacionsDetall.do?empresa=16&sector=016&contracte=110038&visualitzacio=BI&idioma=ca&tipus=O
I, [2011-09-11T20:28:16.989232 #4353]  INFO -- : TA#6 Visiting http://w10.bcn.cat/APPS/gefconcursosWeb/formalitzacionsDetall.do?empresa=16&sector=016&contracte=110035&visualitzacio=BI&idioma=ca&tipus=O
I, [2011-09-11T20:28:16.988758 #4353]  INFO -- : TA#3 Visiting http://w10.bcn.cat/APPS/gefconcursosWeb/formalitzacionsDetall.do?empresa=16&sector=016&contracte=110036&visualitzacio=BI&idioma=ca&tipus=O
I, [2011-09-11T20:28:17.014122 #4353]  INFO -- : TA#10 Visiting http://w10.bcn.cat/APPS/gefconcursosWeb/formalitzacionsDetall.do?empresa=32&sector=032&contracte=20110017&visualitzacio=BI&idioma=ca&tipus=O
I, [2011-09-11T20:28:17.017189 #4353]  INFO -- : TA#11 Visiting http://w10.bcn.cat/APPS/gefconcursosWeb/concursosDetall.do?empresa=1&sector=0201&contracte=11003066&visualitzacio=BI&idioma=ca&tipus=O
I, [2011-09-11T20:28:17.039136 #4353]  INFO -- : TA#7 Received Page OK
I, [2011-09-11T20:28:17.337822 #4353]  INFO -- : Parsing with LIST_PARSER
I, [2011-09-11T20:28:17.405070 #4353]  INFO -- : TA#1 Received Page OK
I, [2011-09-11T20:28:17.407638 #4353]  INFO -- : Parsing with DETAIL_PARSER
I, [2011-09-11T20:28:17.421500 #4353]  INFO -- : TA#8 Received Page OK
I, [2011-09-11T20:28:17.423002 #4353]  INFO -- : Parsing with DETAIL_PARSER
I, [2011-09-11T20:28:17.442192 #4353]  INFO -- : TA#2 Received Page OK
I, [2011-09-11T20:28:17.443240 #4353]  INFO -- : Parsing with DETAIL_PARSER
I, [2011-09-11T20:28:17.451359 #4353]  INFO -- : TA#6 Received Page OK
I, [2011-09-11T20:28:17.453685 #4353]  INFO -- : Parsing with DETAIL_PARSER
I, [2011-09-11T20:28:17.463871 #4353]  INFO -- : TA#10 Received Page OK
I, [2011-09-11T20:28:17.464969 #4353]  INFO -- : Parsing with DETAIL_PARSER
I, [2011-09-11T20:28:17.475941 #4353]  INFO -- : TA#1 Visiting http://w10.bcn.cat/APPS/gefconcursosWeb/concursosDetall.do?empresa=6&sector=006&contracte=1730/2011&visualitzacio=BI&idioma=ca&tipus=O
I, [2011-09-11T20:28:17.484696 #4353]  INFO -- : TA#7 Visiting http://w10.bcn.cat/APPS/gefconcursosWeb/concursosDetall.do?empresa=15&sector=015&contracte=11000060&visualitzacio=BI&idioma=ca&tipus=O
I, [2011-09-11T20:28:17.481137 #4353]  INFO -- : TA#6 Visiting http://w10.bcn.cat/APPS/gefconcursosWeb/concursosDetall.do?empresa=4&sector=004&contracte=11/233&visualitzacio=BI&idioma=ca&tipus=O
I, [2011-09-11T20:28:17.480599 #4353]  INFO -- : TA#2 Visiting http://w10.bcn.cat/APPS/gefconcursosWeb/formalitzacionsList.do?idioma=ca&tipus=O&visualitzacio=BI&valorPaginacio=76
I, [2011-09-11T20:28:17.497082 #4353]  INFO -- : TA#8 Visiting http://w10.bcn.cat/APPS/gefconcursosWeb/formalitzacionsDetall.do?empresa=6&sector=006&contracte=0748/11&visualitzacio=BI&idioma=ca&tipus=O
I, [2011-09-11T20:28:17.508132 #4353]  INFO -- : TA#10 Visiting http://w10.bcn.cat/APPS/gefconcursosWeb/formalitzacionsDetall.do?empresa=6&sector=006&contracte=Exp. 0278/2011&visualitzacio=BI&idioma=ca&tipus=O
I, [2011-09-11T20:28:17.518309 #4353]  INFO -- : TA#5 Received Page OK
I, [2011-09-11T20:28:17.862952 #4353]  INFO -- : Parsing with LIST_PARSER
I, [2011-09-11T20:28:17.899504 #4353]  INFO -- : TA#0 Received Page OK
I, [2011-09-11T20:28:17.900840 #4353]  INFO -- : Parsing with DETAIL_PARSER
I, [2011-09-11T20:28:17.909172 #4353]  INFO -- : TA#9 Received Page OK
I, [2011-09-11T20:28:17.910552 #4353]  INFO -- : Parsing with DETAIL_PARSER
I, [2011-09-11T20:28:17.923485 #4353]  INFO -- : TA#1 Received Page OK
I, [2011-09-11T20:28:17.924482 #4353]  INFO -- : Parsing with DETAIL_PARSER
I, [2011-09-11T20:28:17.948991 #4353]  INFO -- : TA#6 Received Page OK
I, [2011-09-11T20:28:17.950319 #4353]  INFO -- : Parsing with DETAIL_PARSER
I, [2011-09-11T20:28:17.961176 #4353]  INFO -- : TA#8 Received Page OK
I, [2011-09-11T20:28:17.962220 #4353]  INFO -- : Parsing with DETAIL_PARSER
I, [2011-09-11T20:28:17.972718 #4353]  INFO -- : TA#0 Visiting http://w10.bcn.cat/APPS/gefconcursosWeb/formalitzacionsDetall.do?empresa=4&sector=004&contracte=11/211&visualitzacio=BI&idioma=ca&tipus=O
I, [2011-09-11T20:28:17.975179 #4353]  INFO -- : TA#6 Visiting http://w10.bcn.cat/APPS/gefconcursosWeb/formalitzacionsDetall.do?empresa=4&sector=004&contracte=11/121&visualitzacio=BI&idioma=ca&tipus=O
I, [2011-09-11T20:28:17.974051 #4353]  INFO -- : TA#5 Visiting http://w10.bcn.cat/APPS/gefconcursosWeb/formalitzacionsDetall.do?empresa=4&sector=004&contracte=11/120&visualitzacio=BI&idioma=ca&tipus=O
I, [2011-09-11T20:28:17.973557 #4353]  INFO -- : TA#1 Visiting http://w10.bcn.cat/APPS/gefconcursosWeb/adjudicacionsList.do?idioma=ca&tipus=O&visualitzacio=BI&valorPaginacio=51
I, [2011-09-11T20:28:17.985119 #4353]  INFO -- : TA#8 Visiting http://w10.bcn.cat/APPS/gefconcursosWeb/formalitzacionsDetall.do?empresa=4&sector=004&contracte=11/231&visualitzacio=BI&idioma=ca&tipus=O
I, [2011-09-11T20:28:17.995299 #4353]  INFO -- : TA#9 Visiting http://w10.bcn.cat/APPS/gefconcursosWeb/formalitzacionsDetall.do?empresa=4&sector=004&contracte=11/163&visualitzacio=BI&idioma=ca&tipus=O
I, [2011-09-11T20:28:18.005803 #4353]  INFO -- : TA#4 Received Page OK
I, [2011-09-11T20:28:18.341657 #4353]  INFO -- : Parsing with DETAIL_PARSER
I, [2011-09-11T20:28:18.397913 #4353]  INFO -- : TA#11 Received Page OK
I, [2011-09-11T20:28:18.403620 #4353]  INFO -- : Parsing with DETAIL_PARSER
I, [2011-09-11T20:28:18.416166 #4353]  INFO -- : TA#7 Received Page OK
I, [2011-09-11T20:28:18.417591 #4353]  INFO -- : Parsing with DETAIL_PARSER
I, [2011-09-11T20:28:18.436173 #4353]  INFO -- : TA#0 Received Page OK
I, [2011-09-11T20:28:18.439802 #4353]  INFO -- : Parsing with DETAIL_PARSER
I, [2011-09-11T20:28:18.450034 #4353]  INFO -- : TA#5 Received Page OK
I, [2011-09-11T20:28:18.451278 #4353]  INFO -- : Parsing with DETAIL_PARSER
I, [2011-09-11T20:28:18.461139 #4353]  INFO -- : TA#8 Received Page OK
I, [2011-09-11T20:28:18.465422 #4353]  INFO -- : Parsing with DETAIL_PARSER
I, [2011-09-11T20:28:18.486228 #4353]  INFO -- : TA#11 Visiting http://w10.bcn.cat/APPS/gefconcursosWeb/formalitzacionsDetall.do?empresa=4&sector=004&contracte=11/173&visualitzacio=BI&idioma=ca&tipus=O
I, [2011-09-11T20:28:18.489623 #4353]  INFO -- : TA#5 Visiting http://w10.bcn.cat/APPS/gefconcursosWeb/formalitzacionsDetall.do?empresa=4&sector=004&contracte=11/267&visualitzacio=BI&idioma=ca&tipus=O
I, [2011-09-11T20:28:18.487660 #4353]  INFO -- : TA#4 Visiting http://w10.bcn.cat/APPS/gefconcursosWeb/formalitzacionsDetall.do?empresa=4&sector=004&contracte=11/225&visualitzacio=BI&idioma=ca&tipus=O
I, [2011-09-11T20:28:18.487132 #4353]  INFO -- : TA#0 Visiting http://w10.bcn.cat/APPS/gefconcursosWeb/formalitzacionsDetall.do?empresa=4&sector=004&contracte=11/181&visualitzacio=BI&idioma=ca&tipus=O
I, [2011-09-11T20:28:18.499051 #4353]  INFO -- : TA#7 Visiting http://w10.bcn.cat/APPS/gefconcursosWeb/formalitzacionsDetall.do?empresa=3&sector=003&contracte=117/11&visualitzacio=BI&idioma=ca&tipus=O
I, [2011-09-11T20:28:18.512271 #4353]  INFO -- : TA#8 Visiting http://w10.bcn.cat/APPS/gefconcursosWeb/formalitzacionsDetall.do?empresa=3&sector=003&contracte=77/11&visualitzacio=BI&idioma=ca&tipus=O
I, [2011-09-11T20:28:18.544638 #4353]  INFO -- : TA#3 Received Page OK
I, [2011-09-11T20:28:18.813433 #4353]  INFO -- : Parsing with DETAIL_PARSER
I, [2011-09-11T20:28:18.917037 #4353]  INFO -- : TA#10 Received Page OK
I, [2011-09-11T20:28:18.941246 #4353]  INFO -- : Parsing with DETAIL_PARSER
I, [2011-09-11T20:28:18.969870 #4353]  INFO -- : TA#6 Received Page OK
I, [2011-09-11T20:28:18.971703 #4353]  INFO -- : Parsing with DETAIL_PARSER
I, [2011-09-11T20:28:19.001572 #4353]  INFO -- : TA#11 Received Page OK
I, [2011-09-11T20:28:19.010799 #4353]  INFO -- : Parsing with DETAIL_PARSER
I, [2011-09-11T20:28:19.023913 #4353]  INFO -- : TA#4 Received Page OK
I, [2011-09-11T20:28:19.026079 #4353]  INFO -- : Parsing with DETAIL_PARSER
I, [2011-09-11T20:28:19.046221 #4353]  INFO -- : TA#7 Received Page OK
I, [2011-09-11T20:28:19.048014 #4353]  INFO -- : Parsing with DETAIL_PARSER
I, [2011-09-11T20:28:19.058369 #4353]  INFO -- : TA#10 Visiting http://w10.bcn.cat/APPS/gefconcursosWeb/formalitzacionsDetall.do?empresa=3&sector=003&contracte=236/10&visualitzacio=BI&idioma=ca&tipus=O
I, [2011-09-11T20:28:19.061397 #4353]  INFO -- : TA#4 Visiting http://w10.bcn.cat/APPS/gefconcursosWeb/formalitzacionsDetall.do?empresa=2&sector=002&contracte=C0205 2011 236&visualitzacio=BI&idioma=ca&tipus=O
I, [2011-09-11T20:28:19.060179 #4353]  INFO -- : TA#3 Visiting http://w10.bcn.cat/APPS/gefconcursosWeb/formalitzacionsDetall.do?empresa=5&sector=005&contracte=2011/047&visualitzacio=BI&idioma=ca&tipus=O
I, [2011-09-11T20:28:19.059650 #4353]  INFO -- : TA#11 Visiting http://w10.bcn.cat/APPS/gefconcursosWeb/formalitzacionsDetall.do?empresa=5&sector=005&contracte=2011/001&visualitzacio=BI&idioma=ca&tipus=O
I, [2011-09-11T20:28:19.068950 #4353]  INFO -- : TA#6 Visiting http://w10.bcn.cat/APPS/gefconcursosWeb/formalitzacionsDetall.do?empresa=2&sector=002&contracte=C0207 2011 103&visualitzacio=BI&idioma=ca&tipus=O
I, [2011-09-11T20:28:19.084880 #4353]  INFO -- : TA#7 Visiting http://w10.bcn.cat/APPS/gefconcursosWeb/formalitzacionsDetall.do?empresa=2&sector=002&contracte=C0205 2011 287&visualitzacio=BI&idioma=ca&tipus=O
I, [2011-09-11T20:28:19.092637 #4353]  INFO -- : TA#2 Received Page OK
I, [2011-09-11T20:28:19.570676 #4353]  INFO -- : Parsing with LIST_PARSER
I, [2011-09-11T20:28:19.595783 #4353]  INFO -- : TA#9 Received Page OK
I, [2011-09-11T20:28:19.596852 #4353]  INFO -- : Parsing with DETAIL_PARSER
I, [2011-09-11T20:28:19.605167 #4353]  INFO -- : TA#5 Received Page OK
I, [2011-09-11T20:28:19.605774 #4353]  INFO -- : Parsing with DETAIL_PARSER
I, [2011-09-11T20:28:19.617444 #4353]  INFO -- : TA#10 Received Page OK
I, [2011-09-11T20:28:19.619514 #4353]  INFO -- : Parsing with DETAIL_PARSER
I, [2011-09-11T20:28:19.635541 #4353]  INFO -- : TA#3 Received Page OK
I, [2011-09-11T20:28:19.642796 #4353]  INFO -- : Parsing with DETAIL_PARSER
I, [2011-09-11T20:28:19.653269 #4353]  INFO -- : TA#6 Received Page OK
I, [2011-09-11T20:28:19.654468 #4353]  INFO -- : Parsing with DETAIL_PARSER
I, [2011-09-11T20:28:19.663891 #4353]  INFO -- : TA#9 Visiting http://w10.bcn.cat/APPS/gefconcursosWeb/formalitzacionsDetall.do?empresa=2&sector=002&contracte=C0205 2011 248&visualitzacio=BI&idioma=ca&tipus=O
I, [2011-09-11T20:28:19.671627 #4353]  INFO -- : TA#3 Visiting http://w10.bcn.cat/APPS/gefconcursosWeb/formalitzacionsDetall.do?empresa=2&sector=002&contracte=C0205 2011 268&visualitzacio=BI&idioma=ca&tipus=O
I, [2011-09-11T20:28:19.670303 #4353]  INFO -- : TA#2 Visiting http://w10.bcn.cat/APPS/gefconcursosWeb/formalitzacionsDetall.do?empresa=2&sector=002&contracte=C0205 2011 240&visualitzacio=BI&idioma=ca&tipus=O
I, [2011-09-11T20:28:19.665955 #4353]  INFO -- : TA#10 Visiting http://w10.bcn.cat/APPS/gefconcursosWeb/formalitzacionsDetall.do?empresa=2&sector=002&contracte=C0205 2011 249&visualitzacio=BI&idioma=ca&tipus=O
I, [2011-09-11T20:28:19.673440 #4353]  INFO -- : TA#5 Visiting http://w10.bcn.cat/APPS/gefconcursosWeb/formalitzacionsDetall.do?empresa=2&sector=002&contracte=C0205 2011 194&visualitzacio=BI&idioma=ca&tipus=O
I, [2011-09-11T20:28:19.685469 #4353]  INFO -- : TA#6 Visiting http://w10.bcn.cat/APPS/gefconcursosWeb/formalitzacionsDetall.do?empresa=2&sector=002&contracte=C0205 2011 234&visualitzacio=BI&idioma=ca&tipus=O
I, [2011-09-11T20:28:19.696432 #4353]  INFO -- : TA#1 Received Page OK
I, [2011-09-11T20:28:20.054860 #4353]  INFO -- : Parsing with LIST_PARSER
I, [2011-09-11T20:28:20.088110 #4353]  INFO -- : TA#8 Received Page OK
I, [2011-09-11T20:28:20.092607 #4353]  INFO -- : Parsing with DETAIL_PARSER
I, [2011-09-11T20:28:20.099493 #4353]  INFO -- : TA#4 Received Page OK
I, [2011-09-11T20:28:20.100588 #4353]  INFO -- : Parsing with DETAIL_PARSER
I, [2011-09-11T20:28:20.110695 #4353]  INFO -- : TA#9 Received Page OK
I, [2011-09-11T20:28:20.111826 #4353]  INFO -- : Parsing with DETAIL_PARSER
I, [2011-09-11T20:28:20.121563 #4353]  INFO -- : TA#2 Received Page OK
I, [2011-09-11T20:28:20.122521 #4353]  INFO -- : Parsing with DETAIL_PARSER
I, [2011-09-11T20:28:20.144623 #4353]  INFO -- : TA#5 Received Page OK
I, [2011-09-11T20:28:20.145712 #4353]  INFO -- : Parsing with DETAIL_PARSER
I, [2011-09-11T20:28:20.153827 #4353]  INFO -- : TA#8 Visiting http://w10.bcn.cat/APPS/gefconcursosWeb/adjudicacionsDetall.do?empresa=1&sector=0201&contracte=11001788&visualitzacio=BI&idioma=ca&tipus=O
I, [2011-09-11T20:28:20.157089 #4353]  INFO -- : TA#2 Visiting http://w10.bcn.cat/APPS/gefconcursosWeb/adjudicacionsDetall.do?empresa=1&sector=0201&contracte=11000318&visualitzacio=BI&idioma=ca&tipus=O
I, [2011-09-11T20:28:20.155227 #4353]  INFO -- : TA#1 Visiting http://w10.bcn.cat/APPS/gefconcursosWeb/adjudicacionsDetall.do?empresa=1&sector=0201&contracte=10004697&visualitzacio=BI&idioma=ca&tipus=O
I, [2011-09-11T20:28:20.154644 #4353]  INFO -- : TA#9 Visiting http://w10.bcn.cat/APPS/gefconcursosWeb/adjudicacionsList.do?idioma=ca&tipus=O&visualitzacio=BI&valorPaginacio=76
I, [2011-09-11T20:28:20.170662 #4353]  INFO -- : TA#4 Visiting http://w10.bcn.cat/APPS/gefconcursosWeb/adjudicacionsDetall.do?empresa=1&sector=0201&contracte=11001503&visualitzacio=BI&idioma=ca&tipus=O
I, [2011-09-11T20:28:20.189053 #4353]  INFO -- : TA#5 Visiting http://w10.bcn.cat/APPS/gefconcursosWeb/adjudicacionsDetall.do?empresa=1&sector=0201&contracte=110004864&visualitzacio=BI&idioma=ca&tipus=O
I, [2011-09-11T20:28:20.201885 #4353]  INFO -- : TA#0 Received Page OK
I, [2011-09-11T20:28:20.544894 #4353]  INFO -- : Parsing with DETAIL_PARSER
I, [2011-09-11T20:28:20.680833 #4353]  INFO -- : TA#7 Received Page OK
I, [2011-09-11T20:28:20.719934 #4353]  INFO -- : Parsing with DETAIL_PARSER
I, [2011-09-11T20:28:20.769708 #4353]  INFO -- : TA#3 Received Page OK
I, [2011-09-11T20:28:20.779724 #4353]  INFO -- : Parsing with DETAIL_PARSER
I, [2011-09-11T20:28:20.808918 #4353]  INFO -- : TA#8 Received Page OK
I, [2011-09-11T20:28:20.814702 #4353]  INFO -- : Parsing with DETAIL_PARSER
I, [2011-09-11T20:28:20.832860 #4353]  INFO -- : TA#1 Received Page OK
I, [2011-09-11T20:28:20.837956 #4353]  INFO -- : Parsing with DETAIL_PARSER
I, [2011-09-11T20:28:20.871356 #4353]  INFO -- : TA#4 Received Page OK
I, [2011-09-11T20:28:20.876087 #4353]  INFO -- : Parsing with DETAIL_PARSER
I, [2011-09-11T20:28:20.912340 #4353]  INFO -- : TA#7 Visiting http://w10.bcn.cat/APPS/gefconcursosWeb/adjudicacionsDetall.do?empresa=1&sector=0201&contracte=11002182&visualitzacio=BI&idioma=ca&tipus=O
I, [2011-09-11T20:28:20.929083 #4353]  INFO -- : TA#3 Visiting http://w10.bcn.cat/APPS/gefconcursosWeb/adjudicacionsDetall.do?empresa=29&sector=029&contracte=11000030&visualitzacio=BI&idioma=ca&tipus=O
I, [2011-09-11T20:28:20.914604 #4353]  INFO -- : TA#0 Visiting http://w10.bcn.cat/APPS/gefconcursosWeb/adjudicacionsDetall.do?empresa=14&sector=014&contracte=CONT/2011/146&visualitzacio=BI&idioma=ca&tipus=O
I, [2011-09-11T20:28:41.371861 #4375]  INFO -- : ---- SCRUTINIZE BEGIN ----
I, [2011-09-11T20:28:41.380049 #4375]  INFO -- : TA#0 Visiting http://w10.bcn.cat/APPS/gefconcursosWeb/anuncisList.do?idioma=ca
I, [2011-09-11T20:28:41.387885 #4375]  INFO -- : TA#3 Visiting http://w10.bcn.cat/APPS/gefconcursosWeb/adjudicacionsList.do?idioma=ca
I, [2011-09-11T20:28:41.381654 #4375]  INFO -- : TA#2 Visiting http://w10.bcn.cat/APPS/gefconcursosWeb/adjudicacionsProvList.do?idioma=ca
I, [2011-09-11T20:28:41.381116 #4375]  INFO -- : TA#1 Visiting http://w10.bcn.cat/APPS/gefconcursosWeb/concursosList.do?idioma=ca
I, [2011-09-11T20:28:41.408544 #4375]  INFO -- : TA#4 Visiting http://w10.bcn.cat/APPS/gefconcursosWeb/formalitzacionsList.do?idioma=ca
I, [2011-09-11T20:28:41.634503 #4375]  INFO -- : TA#0 Received Page OK
I, [2011-09-11T20:28:41.739192 #4375]  INFO -- : Parsing with LIST_PARSER
I, [2011-09-11T20:28:41.759655 #4375]  INFO -- : TA#2 Received Page OK
I, [2011-09-11T20:28:41.765946 #4375]  INFO -- : Parsing with LIST_PARSER
I, [2011-09-11T20:28:41.770841 #4375]  INFO -- : TA#4 Received Page OK
I, [2011-09-11T20:28:41.772590 #4375]  INFO -- : Parsing with LIST_PARSER
I, [2011-09-11T20:28:41.790333 #4375]  INFO -- : TA#5 Visiting http://w10.bcn.cat/APPS/gefconcursosWeb/formalitzacionsList.do?idioma=ca&tipus=O&visualitzacio=BI&valorPaginacio=26
I, [2011-09-11T20:28:41.800890 #4375]  INFO -- : TA#8 Visiting http://w10.bcn.cat/APPS/gefconcursosWeb/anuncisDetall.do?empresa=2&sector=002&contracte=A2011/0000561&visualitzacio=BI&idioma=ca&tipus=O
I, [2011-09-11T20:28:41.792423 #4375]  INFO -- : TA#7 Visiting http://w10.bcn.cat/APPS/gefconcursosWeb/anuncisDetall.do?empresa=2&sector=002&contracte=A2011/0000541&visualitzacio=BI&idioma=ca&tipus=O
I, [2011-09-11T20:28:41.791189 #4375]  INFO -- : TA#6 Visiting http://w10.bcn.cat/APPS/gefconcursosWeb/anuncisDetall.do?empresa=2&sector=002&contracte=A2011/0000521&visualitzacio=BI&idioma=ca&tipus=O
I, [2011-09-11T20:28:41.925905 #4375]  INFO -- : TA#1 Received Page OK
I, [2011-09-11T20:28:41.830814 #4375]  INFO -- : TA#10 Visiting http://w10.bcn.cat/APPS/gefconcursosWeb/adjudicacionsProvDetall.do?empresa=1&sector=0301&contracte=20090725&visualitzacio=BI&idioma=ca&tipus=O
I, [2011-09-11T20:28:41.846236 #4375]  INFO -- : TA#11 Visiting http://w10.bcn.cat/APPS/gefconcursosWeb/formalitzacionsDetall.do?empresa=1&sector=0201&contracte=11002739&visualitzacio=BI&idioma=ca&tipus=O
I, [2011-09-11T20:28:41.859135 #4375]  INFO -- : TA#0 Visiting http://w10.bcn.cat/APPS/gefconcursosWeb/formalitzacionsDetall.do?empresa=1&sector=0201&contracte=11001755&visualitzacio=BI&idioma=ca&tipus=O
I, [2011-09-11T20:28:41.875374 #4375]  INFO -- : TA#2 Visiting http://w10.bcn.cat/APPS/gefconcursosWeb/formalitzacionsDetall.do?empresa=14&sector=014&contracte=CONT/2011/141&visualitzacio=BI&idioma=ca&tipus=O
I, [2011-09-11T20:28:41.894197 #4375]  INFO -- : TA#4 Visiting http://w10.bcn.cat/APPS/gefconcursosWeb/formalitzacionsDetall.do?empresa=14&sector=014&contracte=CONT/2011/85&visualitzacio=BI&idioma=ca&tipus=O
I, [2011-09-11T20:28:41.820208 #4375]  INFO -- : TA#9 Visiting http://w10.bcn.cat/APPS/gefconcursosWeb/anuncisDetall.do?empresa=2&sector=002&contracte=A2011/0000581&visualitzacio=BI&idioma=ca&tipus=O
I, [2011-09-11T20:28:41.983495 #4375]  INFO -- : Parsing with LIST_PARSER
I, [2011-09-11T20:28:42.314422 #4375]  INFO -- : TA#5 Received Page OK
I, [2011-09-11T20:28:42.335972 #4375]  INFO -- : Parsing with LIST_PARSER
I, [2011-09-11T20:28:42.354345 #4375]  INFO -- : TA#7 Received Page OK
I, [2011-09-11T20:28:42.355499 #4375]  INFO -- : Parsing with DETAIL_PARSER
I, [2011-09-11T20:28:42.362477 #4375]  INFO -- : TA#9 Received Page OK
I, [2011-09-11T20:28:42.363198 #4375]  INFO -- : Parsing with DETAIL_PARSER
I, [2011-09-11T20:28:42.369552 #4375]  INFO -- : TA#11 Received Page OK
I, [2011-09-11T20:28:42.371218 #4375]  INFO -- : Parsing with DETAIL_PARSER
I, [2011-09-11T20:28:42.385141 #4375]  INFO -- : TA#2 Received Page OK
I, [2011-09-11T20:28:42.386253 #4375]  INFO -- : Parsing with DETAIL_PARSER
I, [2011-09-11T20:28:42.394428 #4375]  INFO -- : TA#5 Visiting http://w10.bcn.cat/APPS/gefconcursosWeb/formalitzacionsDetall.do?empresa=14&sector=014&contracte=CONT/2011/269&visualitzacio=BI&idioma=ca&tipus=O
I, [2011-09-11T20:28:42.398393 #4375]  INFO -- : TA#11 Visiting http://w10.bcn.cat/APPS/gefconcursosWeb/formalitzacionsDetall.do?empresa=1&sector=0604&contracte=11001929&visualitzacio=BI&idioma=ca&tipus=O
I, [2011-09-11T20:28:42.397200 #4375]  INFO -- : TA#9 Visiting http://w10.bcn.cat/APPS/gefconcursosWeb/formalitzacionsDetall.do?empresa=27&sector=027&contracte=2011-0097&visualitzacio=BI&idioma=ca&tipus=O
I, [2011-09-11T20:28:42.396109 #4375]  INFO -- : TA#7 Visiting http://w10.bcn.cat/APPS/gefconcursosWeb/formalitzacionsList.do?idioma=ca&tipus=O&visualitzacio=BI&valorPaginacio=51
I, [2011-09-11T20:28:42.405591 #4375]  INFO -- : TA#1 Visiting http://w10.bcn.cat/APPS/gefconcursosWeb/formalitzacionsDetall.do?empresa=1&sector=0605&contracte=11001423&visualitzacio=BI&idioma=ca&tipus=O
I, [2011-09-11T20:28:42.416792 #4375]  INFO -- : TA#2 Visiting http://w10.bcn.cat/APPS/gefconcursosWeb/formalitzacionsDetall.do?empresa=1&sector=0605&contracte=11001707&visualitzacio=BI&idioma=ca&tipus=O
I, [2011-09-11T20:28:42.433338 #4375]  INFO -- : TA#3 Received Page OK
I, [2011-09-11T20:28:42.673706 #4375]  INFO -- : Parsing with LIST_PARSER
I, [2011-09-11T20:28:42.697737 #4375]  INFO -- : TA#8 Received Page OK
I, [2011-09-11T20:28:42.700207 #4375]  INFO -- : Parsing with DETAIL_PARSER
I, [2011-09-11T20:28:42.705355 #4375]  INFO -- : TA#0 Received Page OK
I, [2011-09-11T20:28:42.706579 #4375]  INFO -- : Parsing with DETAIL_PARSER
I, [2011-09-11T20:28:42.714778 #4375]  INFO -- : TA#5 Received Page OK
I, [2011-09-11T20:28:42.716399 #4375]  INFO -- : Parsing with DETAIL_PARSER
I, [2011-09-11T20:28:42.724854 #4375]  INFO -- : TA#9 Received Page OK
I, [2011-09-11T20:28:42.735048 #4375]  INFO -- : Parsing with DETAIL_PARSER
I, [2011-09-11T20:28:42.742473 #4375]  INFO -- : TA#1 Received Page OK
I, [2011-09-11T20:28:42.743238 #4375]  INFO -- : Parsing with DETAIL_PARSER
I, [2011-09-11T20:28:42.752739 #4375]  INFO -- : TA#3 Visiting http://w10.bcn.cat/APPS/gefconcursosWeb/formalitzacionsDetall.do?empresa=1&sector=0605&contracte=11001948&visualitzacio=BI&idioma=ca&tipus=O
I, [2011-09-11T20:28:42.757109 #4375]  INFO -- : TA#9 Visiting http://w10.bcn.cat/APPS/gefconcursosWeb/formalitzacionsDetall.do?empresa=1&sector=0606&contracte=11002536&visualitzacio=BI&idioma=ca&tipus=O
I, [2011-09-11T20:28:42.756008 #4375]  INFO -- : TA#8 Visiting http://w10.bcn.cat/APPS/gefconcursosWeb/formalitzacionsDetall.do?empresa=1&sector=0606&contracte=11C00020&visualitzacio=BI&idioma=ca&tipus=O
I, [2011-09-11T20:28:42.754052 #4375]  INFO -- : TA#5 Visiting http://w10.bcn.cat/APPS/gefconcursosWeb/adjudicacionsList.do?idioma=ca&tipus=O&visualitzacio=BI&valorPaginacio=26
I, [2011-09-11T20:28:42.768981 #4375]  INFO -- : TA#0 Visiting http://w10.bcn.cat/APPS/gefconcursosWeb/formalitzacionsDetall.do?empresa=1&sector=0606&contracte=11002644&visualitzacio=BI&idioma=ca&tipus=O
I, [2011-09-11T20:28:42.779224 #4375]  INFO -- : TA#1 Visiting http://w10.bcn.cat/APPS/gefconcursosWeb/formalitzacionsDetall.do?empresa=1&sector=0606&contracte=11002645&visualitzacio=BI&idioma=ca&tipus=O
I, [2011-09-11T20:28:42.794909 #4375]  INFO -- : TA#6 Received Page OK
I, [2011-09-11T20:28:42.996148 #4375]  INFO -- : Parsing with DETAIL_PARSER
I, [2011-09-11T20:28:43.093208 #4375]  INFO -- : TA#4 Received Page OK
I, [2011-09-11T20:28:43.099880 #4375]  INFO -- : Parsing with DETAIL_PARSER
I, [2011-09-11T20:28:43.113682 #4375]  INFO -- : TA#11 Received Page OK
I, [2011-09-11T20:28:43.114899 #4375]  INFO -- : Parsing with DETAIL_PARSER
I, [2011-09-11T20:28:43.124294 #4375]  INFO -- : TA#3 Received Page OK
I, [2011-09-11T20:28:43.125516 #4375]  INFO -- : Parsing with DETAIL_PARSER
I, [2011-09-11T20:28:43.136039 #4375]  INFO -- : TA#8 Received Page OK
I, [2011-09-11T20:28:43.137063 #4375]  INFO -- : Parsing with DETAIL_PARSER
I, [2011-09-11T20:28:43.173163 #4375]  INFO -- : TA#0 Received Page OK
I, [2011-09-11T20:28:43.174282 #4375]  INFO -- : Parsing with DETAIL_PARSER
I, [2011-09-11T20:28:43.184511 #4375]  INFO -- : TA#3 Visiting http://w10.bcn.cat/APPS/gefconcursosWeb/formalitzacionsDetall.do?empresa=1&sector=0606&contracte=11002651&visualitzacio=BI&idioma=ca&tipus=O
I, [2011-09-11T20:28:43.188240 #4375]  INFO -- : TA#8 Visiting http://w10.bcn.cat/APPS/gefconcursosWeb/formalitzacionsDetall.do?empresa=1&sector=0607&contracte=10C00019&visualitzacio=BI&idioma=ca&tipus=O
I, [2011-09-11T20:28:43.186499 #4375]  INFO -- : TA#6 Visiting http://w10.bcn.cat/APPS/gefconcursosWeb/formalitzacionsDetall.do?empresa=1&sector=0607&contracte=10C00011&visualitzacio=BI&idioma=ca&tipus=O
I, [2011-09-11T20:28:43.186046 #4375]  INFO -- : TA#4 Visiting http://w10.bcn.cat/APPS/gefconcursosWeb/formalitzacionsDetall.do?empresa=1&sector=0606&contracte=11002534&visualitzacio=BI&idioma=ca&tipus=O
I, [2011-09-11T20:28:43.206207 #4375]  INFO -- : TA#11 Visiting http://w10.bcn.cat/APPS/gefconcursosWeb/formalitzacionsDetall.do?empresa=1&sector=0607&contracte=11001065&visualitzacio=BI&idioma=ca&tipus=O
I, [2011-09-11T20:28:43.222625 #4375]  INFO -- : TA#0 Visiting http://w10.bcn.cat/APPS/gefconcursosWeb/formalitzacionsDetall.do?empresa=1&sector=0607&contracte=11001342&visualitzacio=BI&idioma=ca&tipus=O
I, [2011-09-11T20:28:43.229688 #4375]  INFO -- : TA#10 Received Page OK
I, [2011-09-11T20:28:43.428157 #4375]  INFO -- : Parsing with DETAIL_PARSER
I, [2011-09-11T20:28:43.443310 #4375]  INFO -- : TA#2 Received Page OK
I, [2011-09-11T20:28:43.446931 #4375]  INFO -- : Parsing with DETAIL_PARSER
I, [2011-09-11T20:28:43.454936 #4375]  INFO -- : TA#9 Received Page OK
I, [2011-09-11T20:28:43.455753 #4375]  INFO -- : Parsing with DETAIL_PARSER
I, [2011-09-11T20:28:43.464431 #4375]  INFO -- : TA#3 Received Page OK
I, [2011-09-11T20:28:43.465141 #4375]  INFO -- : Parsing with DETAIL_PARSER
I, [2011-09-11T20:28:43.474125 #4375]  INFO -- : TA#6 Received Page OK
I, [2011-09-11T20:28:43.475150 #4375]  INFO -- : Parsing with DETAIL_PARSER
I, [2011-09-11T20:28:43.485416 #4375]  INFO -- : TA#11 Received Page OK
I, [2011-09-11T20:28:43.486447 #4375]  INFO -- : Parsing with DETAIL_PARSER
I, [2011-09-11T20:28:43.495545 #4375]  INFO -- : TA#2 Visiting http://w10.bcn.cat/APPS/gefconcursosWeb/formalitzacionsDetall.do?empresa=1&sector=0801&contracte=11002274&visualitzacio=BI&idioma=ca&tipus=O
I, [2011-09-11T20:28:43.499612 #4375]  INFO -- : TA#9 Visiting http://w10.bcn.cat/APPS/gefconcursosWeb/formalitzacionsDetall.do?empresa=16&sector=016&contracte=110038&visualitzacio=BI&idioma=ca&tipus=O
I, [2011-09-11T20:28:43.497328 #4375]  INFO -- : TA#6 Visiting http://w10.bcn.cat/APPS/gefconcursosWeb/formalitzacionsDetall.do?empresa=16&sector=016&contracte=110035&visualitzacio=BI&idioma=ca&tipus=O
I, [2011-09-11T20:28:43.496855 #4375]  INFO -- : TA#3 Visiting http://w10.bcn.cat/APPS/gefconcursosWeb/formalitzacionsDetall.do?empresa=16&sector=016&contracte=110036&visualitzacio=BI&idioma=ca&tipus=O
I, [2011-09-11T20:28:43.518687 #4375]  INFO -- : TA#10 Visiting http://w10.bcn.cat/APPS/gefconcursosWeb/formalitzacionsDetall.do?empresa=32&sector=032&contracte=20110017&visualitzacio=BI&idioma=ca&tipus=O
I, [2011-09-11T20:28:43.537889 #4375]  INFO -- : TA#11 Visiting http://w10.bcn.cat/APPS/gefconcursosWeb/concursosDetall.do?empresa=1&sector=0201&contracte=11003066&visualitzacio=BI&idioma=ca&tipus=O
I, [2011-09-11T20:28:43.539923 #4375]  INFO -- : TA#7 Received Page OK
I, [2011-09-11T20:28:43.772711 #4375]  INFO -- : Parsing with LIST_PARSER
I, [2011-09-11T20:28:43.792579 #4375]  INFO -- : TA#1 Received Page OK
I, [2011-09-11T20:28:43.793726 #4375]  INFO -- : Parsing with DETAIL_PARSER
I, [2011-09-11T20:28:43.802655 #4375]  INFO -- : TA#8 Received Page OK
I, [2011-09-11T20:28:43.804287 #4375]  INFO -- : Parsing with DETAIL_PARSER
I, [2011-09-11T20:28:43.812862 #4375]  INFO -- : TA#2 Received Page OK
I, [2011-09-11T20:28:43.814397 #4375]  INFO -- : Parsing with DETAIL_PARSER
I, [2011-09-11T20:28:43.827783 #4375]  INFO -- : TA#6 Received Page OK
I, [2011-09-11T20:28:43.829331 #4375]  INFO -- : Parsing with DETAIL_PARSER
I, [2011-09-11T20:28:43.838589 #4375]  INFO -- : TA#10 Received Page OK
I, [2011-09-11T20:28:43.839709 #4375]  INFO -- : Parsing with DETAIL_PARSER
I, [2011-09-11T20:28:43.849395 #4375]  INFO -- : TA#1 Visiting http://w10.bcn.cat/APPS/gefconcursosWeb/concursosDetall.do?empresa=6&sector=006&contracte=1730/2011&visualitzacio=BI&idioma=ca&tipus=O
I, [2011-09-11T20:28:43.852291 #4375]  INFO -- : TA#7 Visiting http://w10.bcn.cat/APPS/gefconcursosWeb/concursosDetall.do?empresa=15&sector=015&contracte=11000060&visualitzacio=BI&idioma=ca&tipus=O
I, [2011-09-11T20:28:43.850737 #4375]  INFO -- : TA#6 Visiting http://w10.bcn.cat/APPS/gefconcursosWeb/concursosDetall.do?empresa=4&sector=004&contracte=11/233&visualitzacio=BI&idioma=ca&tipus=O
I, [2011-09-11T20:28:43.850254 #4375]  INFO -- : TA#2 Visiting http://w10.bcn.cat/APPS/gefconcursosWeb/formalitzacionsList.do?idioma=ca&tipus=O&visualitzacio=BI&valorPaginacio=76
I, [2011-09-11T20:28:43.861121 #4375]  INFO -- : TA#8 Visiting http://w10.bcn.cat/APPS/gefconcursosWeb/formalitzacionsDetall.do?empresa=6&sector=006&contracte=0748/11&visualitzacio=BI&idioma=ca&tipus=O
I, [2011-09-11T20:28:43.870728 #4375]  INFO -- : TA#10 Visiting http://w10.bcn.cat/APPS/gefconcursosWeb/formalitzacionsDetall.do?empresa=6&sector=006&contracte=Exp. 0278/2011&visualitzacio=BI&idioma=ca&tipus=O
I, [2011-09-11T20:28:43.882662 #4375]  INFO -- : TA#5 Received Page OK
I, [2011-09-11T20:28:44.200914 #4375]  INFO -- : Parsing with LIST_PARSER
I, [2011-09-11T20:28:44.238702 #4375]  INFO -- : TA#0 Received Page OK
I, [2011-09-11T20:28:44.239985 #4375]  INFO -- : Parsing with DETAIL_PARSER
I, [2011-09-11T20:28:44.250948 #4375]  INFO -- : TA#9 Received Page OK
I, [2011-09-11T20:28:44.252665 #4375]  INFO -- : Parsing with DETAIL_PARSER
I, [2011-09-11T20:28:44.261332 #4375]  INFO -- : TA#1 Received Page OK
I, [2011-09-11T20:28:44.263173 #4375]  INFO -- : Parsing with DETAIL_PARSER
I, [2011-09-11T20:28:44.274603 #4375]  INFO -- : TA#6 Received Page OK
I, [2011-09-11T20:28:44.277134 #4375]  INFO -- : Parsing with DETAIL_PARSER
I, [2011-09-11T20:28:44.286898 #4375]  INFO -- : TA#8 Received Page OK
I, [2011-09-11T20:28:44.288081 #4375]  INFO -- : Parsing with DETAIL_PARSER
I, [2011-09-11T20:28:44.298886 #4375]  INFO -- : TA#0 Visiting http://w10.bcn.cat/APPS/gefconcursosWeb/formalitzacionsDetall.do?empresa=4&sector=004&contracte=11/211&visualitzacio=BI&idioma=ca&tipus=O
I, [2011-09-11T20:28:44.302445 #4375]  INFO -- : TA#6 Visiting http://w10.bcn.cat/APPS/gefconcursosWeb/formalitzacionsDetall.do?empresa=4&sector=004&contracte=11/121&visualitzacio=BI&idioma=ca&tipus=O
I, [2011-09-11T20:28:44.300315 #4375]  INFO -- : TA#5 Visiting http://w10.bcn.cat/APPS/gefconcursosWeb/formalitzacionsDetall.do?empresa=4&sector=004&contracte=11/120&visualitzacio=BI&idioma=ca&tipus=O
I, [2011-09-11T20:28:44.299800 #4375]  INFO -- : TA#1 Visiting http://w10.bcn.cat/APPS/gefconcursosWeb/adjudicacionsList.do?idioma=ca&tipus=O&visualitzacio=BI&valorPaginacio=51
I, [2011-09-11T20:28:44.314546 #4375]  INFO -- : TA#8 Visiting http://w10.bcn.cat/APPS/gefconcursosWeb/formalitzacionsDetall.do?empresa=4&sector=004&contracte=11/231&visualitzacio=BI&idioma=ca&tipus=O
I, [2011-09-11T20:28:44.335673 #4375]  INFO -- : TA#9 Visiting http://w10.bcn.cat/APPS/gefconcursosWeb/formalitzacionsDetall.do?empresa=4&sector=004&contracte=11/163&visualitzacio=BI&idioma=ca&tipus=O
I, [2011-09-11T20:28:44.355529 #4375]  INFO -- : TA#4 Received Page OK
I, [2011-09-11T20:28:45.050097 #4375]  INFO -- : Parsing with DETAIL_PARSER
I, [2011-09-11T20:28:45.128079 #4375]  INFO -- : TA#11 Received Page OK
I, [2011-09-11T20:28:45.145781 #4375]  INFO -- : Parsing with DETAIL_PARSER
I, [2011-09-11T20:28:45.163084 #4375]  INFO -- : TA#7 Received Page OK
I, [2011-09-11T20:28:45.169743 #4375]  INFO -- : Parsing with DETAIL_PARSER
I, [2011-09-11T20:28:45.190134 #4375]  INFO -- : TA#0 Received Page OK
I, [2011-09-11T20:28:45.193429 #4375]  INFO -- : Parsing with DETAIL_PARSER
I, [2011-09-11T20:28:45.214458 #4375]  INFO -- : TA#5 Received Page OK
I, [2011-09-11T20:28:45.221321 #4375]  INFO -- : Parsing with DETAIL_PARSER
I, [2011-09-11T20:28:45.244700 #4375]  INFO -- : TA#8 Received Page OK
I, [2011-09-11T20:28:45.249008 #4375]  INFO -- : Parsing with DETAIL_PARSER
I, [2011-09-11T20:28:45.272627 #4375]  INFO -- : TA#11 Visiting http://w10.bcn.cat/APPS/gefconcursosWeb/formalitzacionsDetall.do?empresa=4&sector=004&contracte=11/173&visualitzacio=BI&idioma=ca&tipus=O
I, [2011-09-11T20:28:45.278295 #4375]  INFO -- : TA#5 Visiting http://w10.bcn.cat/APPS/gefconcursosWeb/formalitzacionsDetall.do?empresa=4&sector=004&contracte=11/267&visualitzacio=BI&idioma=ca&tipus=O
I, [2011-09-11T20:28:45.274840 #4375]  INFO -- : TA#4 Visiting http://w10.bcn.cat/APPS/gefconcursosWeb/formalitzacionsDetall.do?empresa=4&sector=004&contracte=11/225&visualitzacio=BI&idioma=ca&tipus=O
I, [2011-09-11T20:28:45.274342 #4375]  INFO -- : TA#0 Visiting http://w10.bcn.cat/APPS/gefconcursosWeb/formalitzacionsDetall.do?empresa=4&sector=004&contracte=11/181&visualitzacio=BI&idioma=ca&tipus=O
I, [2011-09-11T20:28:45.310372 #4375]  INFO -- : TA#7 Visiting http://w10.bcn.cat/APPS/gefconcursosWeb/formalitzacionsDetall.do?empresa=3&sector=003&contracte=117/11&visualitzacio=BI&idioma=ca&tipus=O
I, [2011-09-11T20:28:45.338939 #4375]  INFO -- : TA#8 Visiting http://w10.bcn.cat/APPS/gefconcursosWeb/formalitzacionsDetall.do?empresa=3&sector=003&contracte=77/11&visualitzacio=BI&idioma=ca&tipus=O
I, [2011-09-11T20:28:45.359979 #4375]  INFO -- : TA#3 Received Page OK
I, [2011-09-11T20:28:45.856440 #4375]  INFO -- : Parsing with DETAIL_PARSER
I, [2011-09-11T20:28:46.003683 #4375]  INFO -- : TA#10 Received Page OK
I, [2011-09-11T20:28:46.032442 #4375]  INFO -- : Parsing with DETAIL_PARSER
I, [2011-09-11T20:28:46.067516 #4375]  INFO -- : TA#6 Received Page OK
I, [2011-09-11T20:28:46.071521 #4375]  INFO -- : Parsing with DETAIL_PARSER
I, [2011-09-11T20:28:46.086778 #4375]  INFO -- : TA#11 Received Page OK
I, [2011-09-11T20:28:46.093929 #4375]  INFO -- : Parsing with DETAIL_PARSER
I, [2011-09-11T20:28:46.109020 #4375]  INFO -- : TA#4 Received Page OK
I, [2011-09-11T20:28:46.120484 #4375]  INFO -- : Parsing with DETAIL_PARSER
I, [2011-09-11T20:28:46.144452 #4375]  INFO -- : TA#7 Received Page OK
I, [2011-09-11T20:28:46.145990 #4375]  INFO -- : Parsing with DETAIL_PARSER
I, [2011-09-11T20:28:46.167397 #4375]  INFO -- : TA#10 Visiting http://w10.bcn.cat/APPS/gefconcursosWeb/formalitzacionsDetall.do?empresa=3&sector=003&contracte=236/10&visualitzacio=BI&idioma=ca&tipus=O
I, [2011-09-11T20:28:46.173336 #4375]  INFO -- : TA#4 Visiting http://w10.bcn.cat/APPS/gefconcursosWeb/formalitzacionsDetall.do?empresa=2&sector=002&contracte=C0205 2011 236&visualitzacio=BI&idioma=ca&tipus=O
I, [2011-09-11T20:28:46.170142 #4375]  INFO -- : TA#3 Visiting http://w10.bcn.cat/APPS/gefconcursosWeb/formalitzacionsDetall.do?empresa=5&sector=005&contracte=2011/047&visualitzacio=BI&idioma=ca&tipus=O
I, [2011-09-11T20:28:46.169652 #4375]  INFO -- : TA#11 Visiting http://w10.bcn.cat/APPS/gefconcursosWeb/formalitzacionsDetall.do?empresa=5&sector=005&contracte=2011/001&visualitzacio=BI&idioma=ca&tipus=O
I, [2011-09-11T20:28:46.185284 #4375]  INFO -- : TA#6 Visiting http://w10.bcn.cat/APPS/gefconcursosWeb/formalitzacionsDetall.do?empresa=2&sector=002&contracte=C0207 2011 103&visualitzacio=BI&idioma=ca&tipus=O
I, [2011-09-11T20:28:46.193601 #4375]  INFO -- : TA#7 Visiting http://w10.bcn.cat/APPS/gefconcursosWeb/formalitzacionsDetall.do?empresa=2&sector=002&contracte=C0205 2011 287&visualitzacio=BI&idioma=ca&tipus=O
I, [2011-09-11T20:28:46.200880 #4375]  INFO -- : TA#2 Received Page OK
I, [2011-09-11T20:28:46.883919 #4375]  INFO -- : Parsing with LIST_PARSER
I, [2011-09-11T20:28:47.020287 #4375]  INFO -- : TA#9 Received Page OK
I, [2011-09-11T20:28:47.066319 #4375]  INFO -- : Parsing with DETAIL_PARSER
I, [2011-09-11T20:28:47.086676 #4375]  INFO -- : TA#5 Received Page OK
I, [2011-09-11T20:28:47.089144 #4375]  INFO -- : Parsing with DETAIL_PARSER
I, [2011-09-11T20:28:47.097854 #4375]  INFO -- : TA#10 Received Page OK
I, [2011-09-11T20:28:47.099200 #4375]  INFO -- : Parsing with DETAIL_PARSER
I, [2011-09-11T20:28:47.114674 #4375]  INFO -- : TA#3 Received Page OK
I, [2011-09-11T20:28:47.118683 #4375]  INFO -- : Parsing with DETAIL_PARSER
I, [2011-09-11T20:28:47.128371 #4375]  INFO -- : TA#6 Received Page OK
I, [2011-09-11T20:28:47.129405 #4375]  INFO -- : Parsing with DETAIL_PARSER
I, [2011-09-11T20:28:47.139587 #4375]  INFO -- : TA#9 Visiting http://w10.bcn.cat/APPS/gefconcursosWeb/formalitzacionsDetall.do?empresa=2&sector=002&contracte=C0205 2011 248&visualitzacio=BI&idioma=ca&tipus=O
I, [2011-09-11T20:28:47.142067 #4375]  INFO -- : TA#3 Visiting http://w10.bcn.cat/APPS/gefconcursosWeb/formalitzacionsDetall.do?empresa=2&sector=002&contracte=C0205 2011 268&visualitzacio=BI&idioma=ca&tipus=O
I, [2011-09-11T20:28:47.140944 #4375]  INFO -- : TA#2 Visiting http://w10.bcn.cat/APPS/gefconcursosWeb/formalitzacionsDetall.do?empresa=2&sector=002&contracte=C0205 2011 240&visualitzacio=BI&idioma=ca&tipus=O
I, [2011-09-11T20:28:47.140435 #4375]  INFO -- : TA#10 Visiting http://w10.bcn.cat/APPS/gefconcursosWeb/formalitzacionsDetall.do?empresa=2&sector=002&contracte=C0205 2011 249&visualitzacio=BI&idioma=ca&tipus=O
